version https://git-lfs.github.com/spec/v1
oid sha256:09b02aebec8df9b2d16212164713870826d892aecdba53d8a0c0c709952b9ab8
size 428
